2025-12-22T18:15:18.864+01:00  INFO 18320 --- [url-shortener] [main] [                                                 ] c.d.u.SmartUrlShortenerApplication       : Starting SmartUrlShortenerApplication using Java 21.0.4 with PID 18320 (C:\Users\IHE\OneDrive\Documents\Portfolio\URL_Shortener\url-shortener\target\classes started by IHE in C:\Users\IHE\OneDrive\Documents\Portfolio\URL_Shortener\url-shortener)
2025-12-22T18:15:18.867+01:00  INFO 18320 --- [url-shortener] [main] [                                                 ] c.d.u.SmartUrlShortenerApplication       : No active profile set, falling back to 1 default profile: "default"
2025-12-22T18:15:20.031+01:00  INFO 18320 --- [url-shortener] [main] [                                                 ] o.s.b.w.embedded.tomcat.TomcatWebServer  : Tomcat initialized with port 8080 (http)
2025-12-22T18:15:20.039+01:00  INFO 18320 --- [url-shortener] [main] [                                                 ] o.apache.catalina.core.StandardService   : Starting service [Tomcat]
2025-12-22T18:15:20.039+01:00  INFO 18320 --- [url-shortener] [main] [                                                 ] o.apache.catalina.core.StandardEngine    : Starting Servlet engine: [Apache Tomcat/10.1.16]
2025-12-22T18:15:20.098+01:00  INFO 18320 --- [url-shortener] [main] [                                                 ] o.a.c.c.C.[Tomcat].[localhost].[/]       : Initializing Spring embedded WebApplicationContext
2025-12-22T18:15:20.099+01:00  INFO 18320 --- [url-shortener] [main] [                                                 ] w.s.c.ServletWebServerApplicationContext : Root WebApplicationContext: initialization completed in 1196 ms
2025-12-22T18:15:20.742+01:00  INFO 18320 --- [url-shortener] [main] [                                                 ] o.s.b.a.e.web.EndpointLinksResolver      : Exposing 5 endpoint(s) beneath base path '/actuator'
2025-12-22T18:15:20.826+01:00  INFO 18320 --- [url-shortener] [main] [                                                 ] o.s.b.w.embedded.tomcat.TomcatWebServer  : Tomcat started on port 8080 (http) with context path ''
2025-12-22T18:15:20.838+01:00  INFO 18320 --- [url-shortener] [main] [                                                 ] c.d.u.SmartUrlShortenerApplication       : Started SmartUrlShortenerApplication in 2.48 seconds (process running for 2.86)
2025-12-22T18:24:15.797+01:00  INFO 20180 --- [url-shortener] [main] [                                                 ] c.d.u.SmartUrlShortenerApplication       : Starting SmartUrlShortenerApplication using Java 21.0.4 with PID 20180 (C:\Users\IHE\OneDrive\Documents\Portfolio\URL_Shortener\url-shortener\target\classes started by IHE in C:\Users\IHE\OneDrive\Documents\Portfolio\URL_Shortener\url-shortener)
2025-12-22T18:24:15.799+01:00 DEBUG 20180 --- [url-shortener] [main] [                                                 ] c.d.u.SmartUrlShortenerApplication       : Running with Spring Boot v3.2.0, Spring v6.1.1
2025-12-22T18:24:15.800+01:00  INFO 20180 --- [url-shortener] [main] [                                                 ] c.d.u.SmartUrlShortenerApplication       : No active profile set, falling back to 1 default profile: "default"
2025-12-22T18:24:17.098+01:00  INFO 20180 --- [url-shortener] [main] [                                                 ] o.s.b.w.embedded.tomcat.TomcatWebServer  : Tomcat initialized with port 8080 (http)
2025-12-22T18:24:17.108+01:00  INFO 20180 --- [url-shortener] [main] [                                                 ] o.apache.catalina.core.StandardService   : Starting service [Tomcat]
2025-12-22T18:24:17.108+01:00  INFO 20180 --- [url-shortener] [main] [                                                 ] o.apache.catalina.core.StandardEngine    : Starting Servlet engine: [Apache Tomcat/10.1.16]
2025-12-22T18:24:17.160+01:00  INFO 20180 --- [url-shortener] [main] [                                                 ] o.a.c.c.C.[Tomcat].[localhost].[/]       : Initializing Spring embedded WebApplicationContext
2025-12-22T18:24:17.161+01:00  INFO 20180 --- [url-shortener] [main] [                                                 ] w.s.c.ServletWebServerApplicationContext : Root WebApplicationContext: initialization completed in 1313 ms
2025-12-22T18:24:17.490+01:00  WARN 20180 --- [url-shortener] [main] [                                                 ] ConfigServletWebServerApplicationContext : Exception encountered during context initialization - cancelling refresh attempt: org.springframework.beans.factory.BeanCreationException: Error creating bean with name 'timedAspect' defined in class path resource [com/devops/urlshortener/config/ObservabilityConfig.class]: Failed to instantiate [io.micrometer.core.aop.TimedAspect]: Factory method 'timedAspect' threw exception with message: org/aspectj/lang/ProceedingJoinPoint
2025-12-22T18:24:18.500+01:00  WARN 20180 --- [url-shortener] [main] [                                                 ] z.r.AsyncReporter$BoundedAsyncReporter   : Timed out waiting for in-flight spans to send
2025-12-22T18:24:18.506+01:00  INFO 20180 --- [url-shortener] [main] [                                                 ] o.apache.catalina.core.StandardService   : Stopping service [Tomcat]
2025-12-22T18:24:18.522+01:00  INFO 20180 --- [url-shortener] [main] [                                                 ] .s.b.a.l.ConditionEvaluationReportLogger : 

Error starting ApplicationContext. To display the condition evaluation report re-run your application with 'debug' enabled.
2025-12-22T18:24:18.552+01:00 ERROR 20180 --- [url-shortener] [main] [                                                 ] o.s.boot.SpringApplication               : Application run failed

org.springframework.beans.factory.BeanCreationException: Error creating bean with name 'timedAspect' defined in class path resource [com/devops/urlshortener/config/ObservabilityConfig.class]: Failed to instantiate [io.micrometer.core.aop.TimedAspect]: Factory method 'timedAspect' threw exception with message: org/aspectj/lang/ProceedingJoinPoint
	at org.springframework.beans.factory.support.ConstructorResolver.instantiate(ConstructorResolver.java:655) ~[spring-beans-6.1.1.jar:6.1.1]
	at org.springframework.beans.factory.support.ConstructorResolver.instantiateUsingFactoryMethod(ConstructorResolver.java:643) ~[spring-beans-6.1.1.jar:6.1.1]
	at org.springframework.beans.factory.support.AbstractAutowireCapableBeanFactory.instantiateUsingFactoryMethod(AbstractAutowireCapableBeanFactory.java:1336) ~[spring-beans-6.1.1.jar:6.1.1]
	at org.springframework.beans.factory.support.AbstractAutowireCapableBeanFactory.createBeanInstance(AbstractAutowireCapableBeanFactory.java:1166) ~[spring-beans-6.1.1.jar:6.1.1]
	at org.springframework.beans.factory.support.AbstractAutowireCapableBeanFactory.doCreateBean(AbstractAutowireCapableBeanFactory.java:563) ~[spring-beans-6.1.1.jar:6.1.1]
	at org.springframework.beans.factory.support.AbstractAutowireCapableBeanFactory.createBean(AbstractAutowireCapableBeanFactory.java:523) ~[spring-beans-6.1.1.jar:6.1.1]
	at org.springframework.beans.factory.support.AbstractBeanFactory.lambda$doGetBean$0(AbstractBeanFactory.java:325) ~[spring-beans-6.1.1.jar:6.1.1]
	at org.springframework.beans.factory.support.DefaultSingletonBeanRegistry.getSingleton(DefaultSingletonBeanRegistry.java:234) ~[spring-beans-6.1.1.jar:6.1.1]
	at org.springframework.beans.factory.support.AbstractBeanFactory.doGetBean(AbstractBeanFactory.java:323) ~[spring-beans-6.1.1.jar:6.1.1]
	at org.springframework.beans.factory.support.AbstractBeanFactory.getBean(AbstractBeanFactory.java:199) ~[spring-beans-6.1.1.jar:6.1.1]
	at org.springframework.beans.factory.support.DefaultListableBeanFactory.preInstantiateSingletons(DefaultListableBeanFactory.java:973) ~[spring-beans-6.1.1.jar:6.1.1]
	at org.springframework.context.support.AbstractApplicationContext.finishBeanFactoryInitialization(AbstractApplicationContext.java:946) ~[spring-context-6.1.1.jar:6.1.1]
	at org.springframework.context.support.AbstractApplicationContext.refresh(AbstractApplicationContext.java:616) ~[spring-context-6.1.1.jar:6.1.1]
	at org.springframework.boot.web.servlet.context.ServletWebServerApplicationContext.refresh(ServletWebServerApplicationContext.java:146) ~[spring-boot-3.2.0.jar:3.2.0]
	at org.springframework.boot.SpringApplication.refresh(SpringApplication.java:753) ~[spring-boot-3.2.0.jar:3.2.0]
	at org.springframework.boot.SpringApplication.refreshContext(SpringApplication.java:455) ~[spring-boot-3.2.0.jar:3.2.0]
	at org.springframework.boot.SpringApplication.run(SpringApplication.java:323) ~[spring-boot-3.2.0.jar:3.2.0]
	at org.springframework.boot.SpringApplication.run(SpringApplication.java:1342) ~[spring-boot-3.2.0.jar:3.2.0]
	at org.springframework.boot.SpringApplication.run(SpringApplication.java:1331) ~[spring-boot-3.2.0.jar:3.2.0]
	at com.devops.urlshortener.SmartUrlShortenerApplication.main(SmartUrlShortenerApplication.java:10) ~[classes/:na]
Caused by: org.springframework.beans.BeanInstantiationException: Failed to instantiate [io.micrometer.core.aop.TimedAspect]: Factory method 'timedAspect' threw exception with message: org/aspectj/lang/ProceedingJoinPoint
	at org.springframework.beans.factory.support.SimpleInstantiationStrategy.instantiate(SimpleInstantiationStrategy.java:178) ~[spring-beans-6.1.1.jar:6.1.1]
	at org.springframework.beans.factory.support.ConstructorResolver.instantiate(ConstructorResolver.java:651) ~[spring-beans-6.1.1.jar:6.1.1]
	... 19 common frames omitted
Caused by: java.lang.NoClassDefFoundError: org/aspectj/lang/ProceedingJoinPoint
	at io.micrometer.core.aop.TimedAspect.<clinit>(TimedAspect.java:86) ~[micrometer-core-1.12.0.jar:1.12.0]
	at com.devops.urlshortener.config.ObservabilityConfig.timedAspect(ObservabilityConfig.java:22) ~[classes/:na]
	at com.devops.urlshortener.config.ObservabilityConfig$$SpringCGLIB$$0.CGLIB$timedAspect$0(<generated>) ~[classes/:na]
	at com.devops.urlshortener.config.ObservabilityConfig$$SpringCGLIB$$FastClass$$1.invoke(<generated>) ~[classes/:na]
	at org.springframework.cglib.proxy.MethodProxy.invokeSuper(MethodProxy.java:258) ~[spring-core-6.1.1.jar:6.1.1]
	at org.springframework.context.annotation.ConfigurationClassEnhancer$BeanMethodInterceptor.intercept(ConfigurationClassEnhancer.java:331) ~[spring-context-6.1.1.jar:6.1.1]
	at com.devops.urlshortener.config.ObservabilityConfig$$SpringCGLIB$$0.timedAspect(<generated>) ~[classes/:na]
	at java.base/jdk.internal.reflect.DirectMethodHandleAccessor.invoke(DirectMethodHandleAccessor.java:103) ~[na:na]
	at java.base/java.lang.reflect.Method.invoke(Method.java:580) ~[na:na]
	at org.springframework.beans.factory.support.SimpleInstantiationStrategy.instantiate(SimpleInstantiationStrategy.java:140) ~[spring-beans-6.1.1.jar:6.1.1]
	... 20 common frames omitted
Caused by: java.lang.ClassNotFoundException: org.aspectj.lang.ProceedingJoinPoint
	at java.base/jdk.internal.loader.BuiltinClassLoader.loadClass(BuiltinClassLoader.java:641) ~[na:na]
	at java.base/jdk.internal.loader.ClassLoaders$AppClassLoader.loadClass(ClassLoaders.java:188) ~[na:na]
	at java.base/java.lang.ClassLoader.loadClass(ClassLoader.java:526) ~[na:na]
	... 30 common frames omitted

2025-12-22T18:31:10.352+01:00  INFO 19948 --- [url-shortener] [main] [                                                 ] c.devops.urlshortener.UrlControllerTest  : Starting UrlControllerTest using Java 21.0.4 with PID 19948 (started by IHE in C:\Users\IHE\OneDrive\Documents\Portfolio\URL_Shortener\url-shortener)
2025-12-22T18:31:10.354+01:00 DEBUG 19948 --- [url-shortener] [main] [                                                 ] c.devops.urlshortener.UrlControllerTest  : Running with Spring Boot v3.2.0, Spring v6.1.1
2025-12-22T18:31:10.354+01:00  INFO 19948 --- [url-shortener] [main] [                                                 ] c.devops.urlshortener.UrlControllerTest  : No active profile set, falling back to 1 default profile: "default"
2025-12-22T18:31:12.186+01:00  INFO 19948 --- [url-shortener] [main] [                                                 ] o.s.b.t.m.w.SpringBootMockServletContext : Initializing Spring TestDispatcherServlet ''
2025-12-22T18:31:12.188+01:00  INFO 19948 --- [url-shortener] [main] [                                                 ] o.s.t.web.servlet.TestDispatcherServlet  : Initializing Servlet ''
2025-12-22T18:31:12.189+01:00  INFO 19948 --- [url-shortener] [main] [                                                 ] o.s.t.web.servlet.TestDispatcherServlet  : Completed initialization in 1 ms
2025-12-22T18:31:12.221+01:00  INFO 19948 --- [url-shortener] [main] [                                                 ] c.devops.urlshortener.UrlControllerTest  : Started UrlControllerTest in 2.255 seconds (process running for 3.19)
2025-12-22T18:31:12.328+01:00  INFO 19948 --- [url-shortener] [main] [                                                 ] c.d.u.controller.UrlController           : Stats request for short code: abc123
2025-12-22T18:31:12.486+01:00  WARN 19948 --- [url-shortener] [main] [                                                 ] .w.s.m.s.DefaultHandlerExceptionResolver : Resolved [org.springframework.http.converter.HttpMessageNotReadableException: JSON parse error: Unexpected character ('m' (code 109)): was expecting double-quote to start field name]
2025-12-22T18:31:12.571+01:00  WARN 19948 --- [url-shortener] [main] [                                                 ] .w.s.m.s.DefaultHandlerExceptionResolver : Resolved [org.springframework.web.bind.MethodArgumentNotValidException: Validation failed for argument [0] in public org.springframework.http.ResponseEntity<com.devops.urlshortener.controller.UrlController$ShortenResponse> com.devops.urlshortener.controller.UrlController.shortenUrl(com.devops.urlshortener.controller.UrlController$ShortenRequest): [Field error in object 'shortenRequest' on field 'url': rejected value [null]; codes [NotBlank.shortenRequest.url,NotBlank.url,NotBlank.java.lang.String,NotBlank]; arguments [org.springframework.context.support.DefaultMessageSourceResolvable: codes [shortenRequest.url,url]; arguments []; default message [url]]; default message [URL cannot be blank]] ]
2025-12-22T18:31:12.583+01:00  INFO 19948 --- [url-shortener] [main] [                                                 ] c.d.u.controller.UrlController           : Stats request for short code: invalid
2025-12-22T18:31:12.610+01:00  WARN 19948 --- [url-shortener] [main] [                                                 ] .w.s.m.s.DefaultHandlerExceptionResolver : Resolved [org.springframework.web.bind.MethodArgumentNotValidException: Validation failed for argument [0] in public org.springframework.http.ResponseEntity<com.devops.urlshortener.controller.UrlController$ShortenResponse> com.devops.urlshortener.controller.UrlController.shortenUrl(com.devops.urlshortener.controller.UrlController$ShortenRequest): [Field error in object 'shortenRequest' on field 'url': rejected value []; codes [NotBlank.shortenRequest.url,NotBlank.url,NotBlank.java.lang.String,NotBlank]; arguments [org.springframework.context.support.DefaultMessageSourceResolvable: codes [shortenRequest.url,url]; arguments []; default message [url]]; default message [URL cannot be blank]] ]
2025-12-22T18:31:12.616+01:00  INFO 19948 --- [url-shortener] [main] [                                                 ] c.d.u.controller.UrlController           : Redirect request for short code: invalid
2025-12-22T18:31:12.617+01:00  WARN 19948 --- [url-shortener] [main] [                                                 ] c.d.u.controller.UrlController           : Short code not found: invalid
2025-12-22T18:31:12.625+01:00  INFO 19948 --- [url-shortener] [main] [                                                 ] c.d.u.controller.UrlController           : Received shorten request for URL: example.com
2025-12-22T18:31:12.625+01:00  WARN 19948 --- [url-shortener] [main] [                                                 ] c.d.u.controller.UrlController           : Invalid URL format: example.com
2025-12-22T18:31:12.628+01:00  INFO 19948 --- [url-shortener] [main] [                                                 ] c.d.u.controller.UrlController           : Received shorten request for URL: ftp://example.com
2025-12-22T18:31:12.629+01:00  WARN 19948 --- [url-shortener] [main] [                                                 ] c.d.u.controller.UrlController           : Invalid URL format: ftp://example.com
2025-12-22T18:31:12.636+01:00  INFO 19948 --- [url-shortener] [main] [                                                 ] c.d.u.controller.UrlController           : Received shorten request for URL: https://example.com
2025-12-22T18:31:12.653+01:00  INFO 19948 --- [url-shortener] [main] [                                                 ] c.d.u.controller.UrlController           : Redirect request for short code: abc123
2025-12-22T18:31:12.654+01:00  INFO 19948 --- [url-shortener] [main] [                                                 ] c.d.u.controller.UrlController           : Redirecting abc123 to https://example.com
2025-12-22T18:41:51.807+01:00  INFO 20908 --- [url-shortener] [main] [                                                 ] c.devops.urlshortener.UrlControllerTest  : Starting UrlControllerTest using Java 21.0.4 with PID 20908 (started by IHE in C:\Users\IHE\OneDrive\Documents\Portfolio\URL_Shortener\url-shortener)
2025-12-22T18:41:51.808+01:00 DEBUG 20908 --- [url-shortener] [main] [                                                 ] c.devops.urlshortener.UrlControllerTest  : Running with Spring Boot v3.2.0, Spring v6.1.1
2025-12-22T18:41:51.809+01:00  INFO 20908 --- [url-shortener] [main] [                                                 ] c.devops.urlshortener.UrlControllerTest  : No active profile set, falling back to 1 default profile: "default"
2025-12-22T18:41:53.624+01:00  INFO 20908 --- [url-shortener] [main] [                                                 ] o.s.b.t.m.w.SpringBootMockServletContext : Initializing Spring TestDispatcherServlet ''
2025-12-22T18:41:53.625+01:00  INFO 20908 --- [url-shortener] [main] [                                                 ] o.s.t.web.servlet.TestDispatcherServlet  : Initializing Servlet ''
2025-12-22T18:41:53.627+01:00  INFO 20908 --- [url-shortener] [main] [                                                 ] o.s.t.web.servlet.TestDispatcherServlet  : Completed initialization in 2 ms
2025-12-22T18:41:53.662+01:00  INFO 20908 --- [url-shortener] [main] [                                                 ] c.devops.urlshortener.UrlControllerTest  : Started UrlControllerTest in 2.221 seconds (process running for 3.176)
2025-12-22T18:41:53.798+01:00  INFO 20908 --- [url-shortener] [main] [                                                 ] c.d.u.controller.UrlController           : Stats request for short code: abc123
2025-12-22T18:41:53.991+01:00  WARN 20908 --- [url-shortener] [main] [                                                 ] .w.s.m.s.DefaultHandlerExceptionResolver : Resolved [org.springframework.http.converter.HttpMessageNotReadableException: JSON parse error: Unexpected character ('m' (code 109)): was expecting double-quote to start field name]
2025-12-22T18:41:54.066+01:00  WARN 20908 --- [url-shortener] [main] [                                                 ] .w.s.m.s.DefaultHandlerExceptionResolver : Resolved [org.springframework.web.bind.MethodArgumentNotValidException: Validation failed for argument [0] in public org.springframework.http.ResponseEntity<com.devops.urlshortener.controller.UrlController$ShortenResponse> com.devops.urlshortener.controller.UrlController.shortenUrl(com.devops.urlshortener.controller.UrlController$ShortenRequest): [Field error in object 'shortenRequest' on field 'url': rejected value [null]; codes [NotBlank.shortenRequest.url,NotBlank.url,NotBlank.java.lang.String,NotBlank]; arguments [org.springframework.context.support.DefaultMessageSourceResolvable: codes [shortenRequest.url,url]; arguments []; default message [url]]; default message [URL cannot be blank]] ]
2025-12-22T18:41:54.075+01:00  INFO 20908 --- [url-shortener] [main] [                                                 ] c.d.u.controller.UrlController           : Stats request for short code: invalid
2025-12-22T18:41:54.097+01:00  WARN 20908 --- [url-shortener] [main] [                                                 ] .w.s.m.s.DefaultHandlerExceptionResolver : Resolved [org.springframework.web.bind.MethodArgumentNotValidException: Validation failed for argument [0] in public org.springframework.http.ResponseEntity<com.devops.urlshortener.controller.UrlController$ShortenResponse> com.devops.urlshortener.controller.UrlController.shortenUrl(com.devops.urlshortener.controller.UrlController$ShortenRequest): [Field error in object 'shortenRequest' on field 'url': rejected value []; codes [NotBlank.shortenRequest.url,NotBlank.url,NotBlank.java.lang.String,NotBlank]; arguments [org.springframework.context.support.DefaultMessageSourceResolvable: codes [shortenRequest.url,url]; arguments []; default message [url]]; default message [URL cannot be blank]] ]
2025-12-22T18:41:54.105+01:00  INFO 20908 --- [url-shortener] [main] [                                                 ] c.d.u.controller.UrlController           : Redirect request for short code: invalid
2025-12-22T18:41:54.106+01:00  WARN 20908 --- [url-shortener] [main] [                                                 ] c.d.u.controller.UrlController           : Short code not found: invalid
2025-12-22T18:41:54.113+01:00  INFO 20908 --- [url-shortener] [main] [                                                 ] c.d.u.controller.UrlController           : Received shorten request for URL: example.com
2025-12-22T18:41:54.115+01:00  WARN 20908 --- [url-shortener] [main] [                                                 ] c.d.u.controller.UrlController           : Invalid URL format: example.com
2025-12-22T18:41:54.119+01:00  INFO 20908 --- [url-shortener] [main] [                                                 ] c.d.u.controller.UrlController           : Received shorten request for URL: ftp://example.com
2025-12-22T18:41:54.119+01:00  WARN 20908 --- [url-shortener] [main] [                                                 ] c.d.u.controller.UrlController           : Invalid URL format: ftp://example.com
2025-12-22T18:41:54.129+01:00  INFO 20908 --- [url-shortener] [main] [                                                 ] c.d.u.controller.UrlController           : Received shorten request for URL: https://example.com
2025-12-22T18:41:54.152+01:00  INFO 20908 --- [url-shortener] [main] [                                                 ] c.d.u.controller.UrlController           : Redirect request for short code: abc123
2025-12-22T18:41:54.152+01:00  INFO 20908 --- [url-shortener] [main] [                                                 ] c.d.u.controller.UrlController           : Redirecting abc123 to https://example.com
2025-12-22T18:44:05.916+01:00  INFO 24952 --- [url-shortener] [main] [                                                 ] c.devops.urlshortener.UrlControllerTest  : Starting UrlControllerTest using Java 21.0.4 with PID 24952 (started by IHE in C:\Users\IHE\OneDrive\Documents\Portfolio\URL_Shortener\url-shortener)
2025-12-22T18:44:05.919+01:00 DEBUG 24952 --- [url-shortener] [main] [                                                 ] c.devops.urlshortener.UrlControllerTest  : Running with Spring Boot v3.2.0, Spring v6.1.1
2025-12-22T18:44:05.919+01:00  INFO 24952 --- [url-shortener] [main] [                                                 ] c.devops.urlshortener.UrlControllerTest  : No active profile set, falling back to 1 default profile: "default"
2025-12-22T18:44:07.621+01:00  INFO 24952 --- [url-shortener] [main] [                                                 ] o.s.b.t.m.w.SpringBootMockServletContext : Initializing Spring TestDispatcherServlet ''
2025-12-22T18:44:07.621+01:00  INFO 24952 --- [url-shortener] [main] [                                                 ] o.s.t.web.servlet.TestDispatcherServlet  : Initializing Servlet ''
2025-12-22T18:44:07.622+01:00  INFO 24952 --- [url-shortener] [main] [                                                 ] o.s.t.web.servlet.TestDispatcherServlet  : Completed initialization in 1 ms
2025-12-22T18:44:07.652+01:00  INFO 24952 --- [url-shortener] [main] [                                                 ] c.devops.urlshortener.UrlControllerTest  : Started UrlControllerTest in 2.093 seconds (process running for 2.948)
2025-12-22T18:44:07.753+01:00  INFO 24952 --- [url-shortener] [main] [                                                 ] c.d.u.controller.UrlController           : Stats request for short code: abc123
2025-12-22T18:46:03.483+01:00  INFO 25280 --- [url-shortener] [main] [                                                 ] c.devops.urlshortener.UrlControllerTest  : Starting UrlControllerTest using Java 21.0.4 with PID 25280 (started by IHE in C:\Users\IHE\OneDrive\Documents\Portfolio\URL_Shortener\url-shortener)
2025-12-22T18:46:03.484+01:00 DEBUG 25280 --- [url-shortener] [main] [                                                 ] c.devops.urlshortener.UrlControllerTest  : Running with Spring Boot v3.2.0, Spring v6.1.1
2025-12-22T18:46:03.484+01:00  INFO 25280 --- [url-shortener] [main] [                                                 ] c.devops.urlshortener.UrlControllerTest  : No active profile set, falling back to 1 default profile: "default"
2025-12-22T18:46:05.204+01:00  INFO 25280 --- [url-shortener] [main] [                                                 ] o.s.b.t.m.w.SpringBootMockServletContext : Initializing Spring TestDispatcherServlet ''
2025-12-22T18:46:05.205+01:00  INFO 25280 --- [url-shortener] [main] [                                                 ] o.s.t.web.servlet.TestDispatcherServlet  : Initializing Servlet ''
2025-12-22T18:46:05.205+01:00  INFO 25280 --- [url-shortener] [main] [                                                 ] o.s.t.web.servlet.TestDispatcherServlet  : Completed initialization in 0 ms
2025-12-22T18:46:05.235+01:00  INFO 25280 --- [url-shortener] [main] [                                                 ] c.devops.urlshortener.UrlControllerTest  : Started UrlControllerTest in 2.127 seconds (process running for 3.001)
2025-12-22T18:46:05.349+01:00  INFO 25280 --- [url-shortener] [main] [                                                 ] c.d.u.controller.UrlController           : Stats request for short code: abc123
2025-12-22T18:46:55.553+01:00  INFO 21092 --- [url-shortener] [main] [                                                 ] c.devops.urlshortener.UrlControllerTest  : Starting UrlControllerTest using Java 21.0.4 with PID 21092 (started by IHE in C:\Users\IHE\OneDrive\Documents\Portfolio\URL_Shortener\url-shortener)
2025-12-22T18:46:55.554+01:00 DEBUG 21092 --- [url-shortener] [main] [                                                 ] c.devops.urlshortener.UrlControllerTest  : Running with Spring Boot v3.2.0, Spring v6.1.1
2025-12-22T18:46:55.555+01:00  INFO 21092 --- [url-shortener] [main] [                                                 ] c.devops.urlshortener.UrlControllerTest  : No active profile set, falling back to 1 default profile: "default"
2025-12-22T18:46:57.310+01:00  INFO 21092 --- [url-shortener] [main] [                                                 ] o.s.b.t.m.w.SpringBootMockServletContext : Initializing Spring TestDispatcherServlet ''
2025-12-22T18:46:57.311+01:00  INFO 21092 --- [url-shortener] [main] [                                                 ] o.s.t.web.servlet.TestDispatcherServlet  : Initializing Servlet ''
2025-12-22T18:46:57.312+01:00  INFO 21092 --- [url-shortener] [main] [                                                 ] o.s.t.web.servlet.TestDispatcherServlet  : Completed initialization in 1 ms
2025-12-22T18:46:57.342+01:00  INFO 21092 --- [url-shortener] [main] [                                                 ] c.devops.urlshortener.UrlControllerTest  : Started UrlControllerTest in 2.145 seconds (process running for 3.023)
2025-12-22T18:46:57.445+01:00  INFO 21092 --- [url-shortener] [main] [                                                 ] c.d.u.controller.UrlController           : Stats request for short code: abc123
2025-12-22T18:46:57.594+01:00  WARN 21092 --- [url-shortener] [main] [                                                 ] .w.s.m.s.DefaultHandlerExceptionResolver : Resolved [org.springframework.http.converter.HttpMessageNotReadableException: JSON parse error: Unexpected character ('m' (code 109)): was expecting double-quote to start field name]
2025-12-22T18:46:57.660+01:00  WARN 21092 --- [url-shortener] [main] [                                                 ] .w.s.m.s.DefaultHandlerExceptionResolver : Resolved [org.springframework.web.bind.MethodArgumentNotValidException: Validation failed for argument [0] in public org.springframework.http.ResponseEntity<com.devops.urlshortener.controller.UrlController$ShortenResponse> com.devops.urlshortener.controller.UrlController.shortenUrl(com.devops.urlshortener.controller.UrlController$ShortenRequest): [Field error in object 'shortenRequest' on field 'url': rejected value [null]; codes [NotBlank.shortenRequest.url,NotBlank.url,NotBlank.java.lang.String,NotBlank]; arguments [org.springframework.context.support.DefaultMessageSourceResolvable: codes [shortenRequest.url,url]; arguments []; default message [url]]; default message [URL cannot be blank]] ]
2025-12-22T18:46:57.668+01:00  INFO 21092 --- [url-shortener] [main] [                                                 ] c.d.u.controller.UrlController           : Stats request for short code: invalid
2025-12-22T18:46:57.685+01:00  WARN 21092 --- [url-shortener] [main] [                                                 ] .w.s.m.s.DefaultHandlerExceptionResolver : Resolved [org.springframework.web.bind.MethodArgumentNotValidException: Validation failed for argument [0] in public org.springframework.http.ResponseEntity<com.devops.urlshortener.controller.UrlController$ShortenResponse> com.devops.urlshortener.controller.UrlController.shortenUrl(com.devops.urlshortener.controller.UrlController$ShortenRequest): [Field error in object 'shortenRequest' on field 'url': rejected value []; codes [NotBlank.shortenRequest.url,NotBlank.url,NotBlank.java.lang.String,NotBlank]; arguments [org.springframework.context.support.DefaultMessageSourceResolvable: codes [shortenRequest.url,url]; arguments []; default message [url]]; default message [URL cannot be blank]] ]
2025-12-22T18:46:57.691+01:00  INFO 21092 --- [url-shortener] [main] [                                                 ] c.d.u.controller.UrlController           : Redirect request for short code: invalid
2025-12-22T18:46:57.692+01:00  WARN 21092 --- [url-shortener] [main] [                                                 ] c.d.u.controller.UrlController           : Short code not found: invalid
2025-12-22T18:46:57.697+01:00  INFO 21092 --- [url-shortener] [main] [                                                 ] c.d.u.controller.UrlController           : Received shorten request for URL: example.com
2025-12-22T18:46:57.698+01:00  WARN 21092 --- [url-shortener] [main] [                                                 ] c.d.u.controller.UrlController           : Invalid URL format: example.com
2025-12-22T18:46:57.701+01:00  INFO 21092 --- [url-shortener] [main] [                                                 ] c.d.u.controller.UrlController           : Received shorten request for URL: ftp://example.com
2025-12-22T18:46:57.701+01:00  WARN 21092 --- [url-shortener] [main] [                                                 ] c.d.u.controller.UrlController           : Invalid URL format: ftp://example.com
2025-12-22T18:46:57.706+01:00  INFO 21092 --- [url-shortener] [main] [                                                 ] c.d.u.controller.UrlController           : Received shorten request for URL: https://example.com
2025-12-22T18:46:57.724+01:00  INFO 21092 --- [url-shortener] [main] [                                                 ] c.d.u.controller.UrlController           : Redirect request for short code: abc123
2025-12-22T18:46:57.724+01:00  INFO 21092 --- [url-shortener] [main] [                                                 ] c.d.u.controller.UrlController           : Redirecting abc123 to https://example.com
2025-12-22T18:47:42.509+01:00  INFO 24016 --- [url-shortener] [main] [                                                 ] c.devops.urlshortener.UrlControllerTest  : Starting UrlControllerTest using Java 21.0.4 with PID 24016 (started by IHE in C:\Users\IHE\OneDrive\Documents\Portfolio\URL_Shortener\url-shortener)
2025-12-22T18:47:42.513+01:00 DEBUG 24016 --- [url-shortener] [main] [                                                 ] c.devops.urlshortener.UrlControllerTest  : Running with Spring Boot v3.2.0, Spring v6.1.1
2025-12-22T18:47:42.513+01:00  INFO 24016 --- [url-shortener] [main] [                                                 ] c.devops.urlshortener.UrlControllerTest  : No active profile set, falling back to 1 default profile: "default"
2025-12-22T18:47:44.286+01:00  INFO 24016 --- [url-shortener] [main] [                                                 ] o.s.b.t.m.w.SpringBootMockServletContext : Initializing Spring TestDispatcherServlet ''
2025-12-22T18:47:44.286+01:00  INFO 24016 --- [url-shortener] [main] [                                                 ] o.s.t.web.servlet.TestDispatcherServlet  : Initializing Servlet ''
2025-12-22T18:47:44.287+01:00  INFO 24016 --- [url-shortener] [main] [                                                 ] o.s.t.web.servlet.TestDispatcherServlet  : Completed initialization in 1 ms
2025-12-22T18:47:44.318+01:00  INFO 24016 --- [url-shortener] [main] [                                                 ] c.devops.urlshortener.UrlControllerTest  : Started UrlControllerTest in 2.18 seconds (process running for 3.037)
2025-12-22T18:47:44.427+01:00  INFO 24016 --- [url-shortener] [main] [                                                 ] c.d.u.controller.UrlController           : Stats request for short code: abc123
2025-12-22T18:47:44.575+01:00  WARN 24016 --- [url-shortener] [main] [                                                 ] .w.s.m.s.DefaultHandlerExceptionResolver : Resolved [org.springframework.http.converter.HttpMessageNotReadableException: JSON parse error: Unexpected character ('m' (code 109)): was expecting double-quote to start field name]
2025-12-22T18:47:44.637+01:00  WARN 24016 --- [url-shortener] [main] [                                                 ] .w.s.m.s.DefaultHandlerExceptionResolver : Resolved [org.springframework.web.bind.MethodArgumentNotValidException: Validation failed for argument [0] in public org.springframework.http.ResponseEntity<com.devops.urlshortener.controller.UrlController$ShortenResponse> com.devops.urlshortener.controller.UrlController.shortenUrl(com.devops.urlshortener.controller.UrlController$ShortenRequest): [Field error in object 'shortenRequest' on field 'url': rejected value [null]; codes [NotBlank.shortenRequest.url,NotBlank.url,NotBlank.java.lang.String,NotBlank]; arguments [org.springframework.context.support.DefaultMessageSourceResolvable: codes [shortenRequest.url,url]; arguments []; default message [url]]; default message [URL cannot be blank]] ]
2025-12-22T18:47:44.644+01:00  INFO 24016 --- [url-shortener] [main] [                                                 ] c.d.u.controller.UrlController           : Stats request for short code: invalid
2025-12-22T18:47:44.665+01:00  WARN 24016 --- [url-shortener] [main] [                                                 ] .w.s.m.s.DefaultHandlerExceptionResolver : Resolved [org.springframework.web.bind.MethodArgumentNotValidException: Validation failed for argument [0] in public org.springframework.http.ResponseEntity<com.devops.urlshortener.controller.UrlController$ShortenResponse> com.devops.urlshortener.controller.UrlController.shortenUrl(com.devops.urlshortener.controller.UrlController$ShortenRequest): [Field error in object 'shortenRequest' on field 'url': rejected value []; codes [NotBlank.shortenRequest.url,NotBlank.url,NotBlank.java.lang.String,NotBlank]; arguments [org.springframework.context.support.DefaultMessageSourceResolvable: codes [shortenRequest.url,url]; arguments []; default message [url]]; default message [URL cannot be blank]] ]
2025-12-22T18:47:44.672+01:00  INFO 24016 --- [url-shortener] [main] [                                                 ] c.d.u.controller.UrlController           : Redirect request for short code: invalid
2025-12-22T18:47:44.673+01:00  WARN 24016 --- [url-shortener] [main] [                                                 ] c.d.u.controller.UrlController           : Short code not found: invalid
2025-12-22T18:47:44.679+01:00  INFO 24016 --- [url-shortener] [main] [                                                 ] c.d.u.controller.UrlController           : Received shorten request for URL: example.com
2025-12-22T18:47:44.679+01:00  WARN 24016 --- [url-shortener] [main] [                                                 ] c.d.u.controller.UrlController           : Invalid URL format: example.com
2025-12-22T18:47:44.682+01:00  INFO 24016 --- [url-shortener] [main] [                                                 ] c.d.u.controller.UrlController           : Received shorten request for URL: ftp://example.com
2025-12-22T18:47:44.682+01:00  WARN 24016 --- [url-shortener] [main] [                                                 ] c.d.u.controller.UrlController           : Invalid URL format: ftp://example.com
2025-12-22T18:47:44.687+01:00  INFO 24016 --- [url-shortener] [main] [                                                 ] c.d.u.controller.UrlController           : Received shorten request for URL: https://example.com
2025-12-22T18:47:44.711+01:00  INFO 24016 --- [url-shortener] [main] [                                                 ] c.d.u.controller.UrlController           : Redirect request for short code: abc123
2025-12-22T18:47:44.711+01:00  INFO 24016 --- [url-shortener] [main] [                                                 ] c.d.u.controller.UrlController           : Redirecting abc123 to https://example.com
